<?xml version="1.0" encoding="UTF-8"?>
<!-- Generated by org.testng.reporters.JUnitReportReporter -->
<testsuite hostname="DESKTOP-T5TVDVC" name="SeleniumTestNG.HMS_Login_Logout_DP" tests="1" failures="0" timestamp="4 May 2019 06:47:14 GMT" time="0.000" errors="1">
  <testcase name="verifylogin" time="0.000" classname="SeleniumTestNG.HMS_Login_Logout_DP">
    <error type="org.testng.TestNGException" message="
Method public void SeleniumTestNG.HMS_Login_Logout_DP.verifylogin(java.lang.String,java.lang.String) throws java.lang.Exception requires a @DataProvider named : Authentication">
      <![CDATA[org.testng.TestNGException: 
Method public void SeleniumTestNG.HMS_Login_Logout_DP.verifylogin(java.lang.String,java.lang.String) throws java.lang.Exception requires a @DataProvider named : Authentication
	at org.testng.internal.Parameters.findDataProvider(Parameters.java:263)
	at org.testng.internal.Parameters.handleParameters(Parameters.java:419)
	at org.testng.internal.Invoker.handleParameters(Invoker.java:1270)
	at org.testng.internal.Invoker.createParameters(Invoker.java:985)
	at org.testng.internal.Invoker.invokeTestMethods(Invoker.java:1075)
	at org.testng.internal.TestMethodWorker.invokeTestMethods(TestMethodWorker.java:125)
	at org.testng.internal.TestMethodWorker.run(TestMethodWorker.java:108)
	at org.testng.TestRunner.privateRun(TestRunner.java:774)
	at org.testng.TestRunner.run(TestRunner.java:624)
	at org.testng.SuiteRunner.runTest(SuiteRunner.java:359)
	at org.testng.SuiteRunner.runSequentially(SuiteRunner.java:354)
	at org.testng.SuiteRunner.privateRun(SuiteRunner.java:312)
	at org.testng.SuiteRunner.run(SuiteRunner.java:261)
	at org.testng.SuiteRunnerWorker.runSuite(SuiteRunnerWorker.java:52)
	at org.testng.SuiteRunnerWorker.run(SuiteRunnerWorker.java:86)
	at org.testng.TestNG.runSuitesSequentially(TestNG.java:1215)
	at org.testng.TestNG.runSuitesLocally(TestNG.java:1140)
	at org.testng.TestNG.run(TestNG.java:1048)
	at org.testng.remote.AbstractRemoteTestNG.run(AbstractRemoteTestNG.java:114)
	at org.testng.remote.RemoteTestNG.initAndRun(RemoteTestNG.java:251)
	at org.testng.remote.RemoteTestNG.main(RemoteTestNG.java:77)
]]>
    </error>
  </testcase> <!-- verifylogin -->
</testsuite> <!-- SeleniumTestNG.HMS_Login_Logout_DP -->
