<?xml version="1.0" encoding="UTF-8"?>
<!-- Generated by org.testng.reporters.JUnitReportReporter -->
<testsuite hostname="DESKTOP-T5TVDVC" name="SeleniumTestNG.GoogleLanguages_PM" tests="1" failures="0" timestamp="4 May 2019 19:30:12 GMT" time="12.179" errors="0">
  <testcase name="GoogleLanguages" time="12.179" classname="SeleniumTestNG.GoogleLanguages_PM"/>
</testsuite> <!-- SeleniumTestNG.GoogleLanguages_PM -->
