<?xml version="1.0" encoding="UTF-8"?>
<!-- Generated by org.testng.reporters.JUnitReportReporter -->
<testsuite hostname="DESKTOP-T5TVDVC" name="SeleniumTestNG.Sampleclass" tests="1" failures="0" timestamp="3 May 2019 06:34:06 GMT" time="0.020" errors="0">
  <testcase name="f" time="0.020" classname="SeleniumTestNG.Sampleclass"/>
</testsuite> <!-- SeleniumTestNG.Sampleclass -->
